<?xml version="1.0" encoding="UTF-8"?>
<testsuite xmlns:xsi="http://www.w3.org/2001/XMLSchema-instance" xsi:noNamespaceSchemaLocation="https://maven.apache.org/surefire/maven-surefire-plugin/xsd/surefire-test-report.xsd" version="3.0.2" name="com.lifelog.ehr.service.ConditionServiceTest" time="1.882" tests="2" errors="0" skipped="0" failures="0">
  <properties>
[...]
</properties>
  <testcase name="testSearchByCode" classname="com.lifelog.ehr.service.ConditionServiceTest" time="1.706">
    <system-out><![CDATA[14:55:55.859 [main] INFO ca.uhn.fhir.util.VersionUtil -- HAPI FHIR version 8.6.1 - Rev 9b428d1433
14:55:55.890 [main] INFO ca.uhn.fhir.context.FhirContext -- Creating new FHIR context for FHIR version [R4]
]]></system-out>
  </testcase>
  <testcase name="testCreateCondition" classname="com.lifelog.ehr.service.ConditionServiceTest" time="0.176">
    <system-out><![CDATA[14:55:57.101 [main] INFO ca.uhn.fhir.context.FhirContext -- Creating new FHIR context for FHIR version [R4]
]]></system-out>
  </testcase>
</testsuite>